TN:
SF:/home/souman/Desktop/CODE/Apps/WEB/TESTSS/blog-api-test/controllers/index.js
FN:3,(anonymous_0)
FN:14,(anonymous_1)
FN:33,(anonymous_2)
FN:64,(anonymous_3)
FN:80,(anonymous_4)
FNF:5
FNH:5
FNDA:2,(anonymous_0)
FNDA:1,(anonymous_1)
FNDA:2,(anonymous_2)
FNDA:1,(anonymous_3)
FNDA:1,(anonymous_4)
DA:1,1
DA:3,1
DA:4,2
DA:5,2
DA:6,1
DA:10,1
DA:14,1
DA:15,1
DA:16,1
DA:28,1
DA:30,0
DA:33,1
DA:34,2
DA:35,2
DA:36,2
DA:55,2
DA:56,1
DA:58,1
DA:60,0
DA:64,1
DA:65,1
DA:66,1
DA:67,1
DA:70,1
DA:71,1
DA:72,1
DA:74,0
DA:76,0
DA:80,1
DA:81,1
DA:82,1
DA:83,1
DA:86,1
DA:87,1
DA:89,0
DA:91,0
DA:96,1
LF:37
LH:31
BRDA:55,0,0,1
BRDA:55,0,1,1
BRDA:70,1,0,1
BRDA:70,1,1,0
BRDA:86,2,0,1
BRDA:86,2,1,0
BRF:6
BRH:4
end_of_record
TN:
SF:/home/souman/Desktop/CODE/Apps/WEB/TESTSS/blog-api-test/database/config/config.js
FNF:0
FNH:0
DA:1,1
DA:3,1
LF:2
LH:2
BRF:0
BRH:0
end_of_record
TN:
SF:/home/souman/Desktop/CODE/Apps/WEB/TESTSS/blog-api-test/database/models/comment.js
FN:2,(anonymous_0)
FN:8,(anonymous_1)
FNF:2
FNH:2
FNDA:1,(anonymous_0)
FNDA:1,(anonymous_1)
DA:2,1
DA:3,1
DA:8,1
DA:10,1
DA:14,1
DA:19,1
LF:6
LH:6
BRF:0
BRH:0
end_of_record
TN:
SF:/home/souman/Desktop/CODE/Apps/WEB/TESTSS/blog-api-test/database/models/index.js
FN:21,(anonymous_0)
FN:24,(anonymous_1)
FN:29,(anonymous_2)
FNF:3
FNH:3
FNDA:4,(anonymous_0)
FNDA:3,(anonymous_1)
FNDA:3,(anonymous_2)
DA:3,1
DA:4,1
DA:5,1
DA:6,1
DA:7,1
DA:9,1
DA:10,1
DA:13,1
DA:14,0
DA:16,1
DA:19,1
DA:22,4
DA:25,3
DA:26,3
DA:29,1
DA:30,3
DA:31,3
DA:35,1
DA:36,1
DA:38,1
LF:20
LH:19
BRDA:7,0,0,1
BRDA:7,0,1,0
BRDA:13,1,0,0
BRDA:13,1,1,1
BRDA:22,2,0,4
BRDA:22,2,1,4
BRDA:22,2,2,3
BRDA:30,3,0,3
BRDA:30,3,1,0
BRF:9
BRH:6
end_of_record
TN:
SF:/home/souman/Desktop/CODE/Apps/WEB/TESTSS/blog-api-test/database/models/post.js
FN:2,(anonymous_0)
FN:9,(anonymous_1)
FNF:2
FNH:2
FNDA:1,(anonymous_0)
FNDA:1,(anonymous_1)
DA:2,1
DA:3,1
DA:9,1
DA:11,1
DA:17,1
DA:23,1
LF:6
LH:6
BRF:0
BRH:0
end_of_record
TN:
SF:/home/souman/Desktop/CODE/Apps/WEB/TESTSS/blog-api-test/database/models/user.js
FN:2,(anonymous_0)
FN:11,(anonymous_1)
FNF:2
FNH:2
FNDA:1,(anonymous_0)
FNDA:1,(anonymous_1)
DA:2,1
DA:3,1
DA:11,1
DA:13,1
DA:19,1
DA:25,1
LF:6
LH:6
BRF:0
BRH:0
end_of_record
TN:
SF:/home/souman/Desktop/CODE/Apps/WEB/TESTSS/blog-api-test/routes/index.js
FN:6,(anonymous_0)
FNF:1
FNH:0
FNDA:0,(anonymous_0)
DA:1,1
DA:2,1
DA:4,1
DA:6,1
DA:8,1
DA:9,1
DA:10,1
DA:11,1
DA:12,1
DA:15,1
LF:10
LH:10
BRF:0
BRH:0
end_of_record
TN:
SF:/home/souman/Desktop/CODE/Apps/WEB/TESTSS/blog-api-test/server/index.js
FNF:0
FNH:0
DA:1,1
DA:2,1
DA:4,1
DA:5,1
DA:7,1
DA:9,1
LF:6
LH:6
BRF:0
BRH:0
end_of_record
